The target system is: PICO -  - cortex-m0plus
The host system is: Linux - 5.15.0-83-generic - x86_64
Compiling the C compiler identification source file "CMakeCCompilerId.c" succeeded.
Compiler: /user/HS401/ks02179/com1031/arm-toolchain/bin/arm-none-eabi-gcc 
Build flags: ;-mcpu=cortex-m0plus;-mthumb
Id flags: -c 

The output was:
0


Compilation of the C compiler identification source "CMakeCCompilerId.c" produced "CMakeCCompilerId.o"

The C compiler identification is GNU, found in "/user/HS401/ks02179/com1031-cw/build/CMakeFiles/3.22.1/CompilerIdC/CMakeCCompilerId.o"

Compiling the CXX compiler identification source file "CMakeCXXCompilerId.cpp" succeeded.
Compiler: /user/HS401/ks02179/com1031/arm-toolchain/bin/arm-none-eabi-g++ 
Build flags: ;-mcpu=cortex-m0plus;-mthumb
Id flags: -c 

The output was:
0


Compilation of the CXX compiler identification source "CMakeCXXCompilerId.cpp" produced "CMakeCXXCompilerId.o"

The CXX compiler identification is GNU, found in "/user/HS401/ks02179/com1031-cw/build/CMakeFiles/3.22.1/CompilerIdCXX/CMakeCXXCompilerId.o"

Checking whether the ASM compiler is GNU using "--version" matched "(GNU assembler)|(GCC)|(Free Software Foundation)":
arm-none-eabi-gcc (Arm GNU Toolchain 12.3.Rel1 (Build arm-12.35)) 12.3.1 20230626
Copyright (C) 2022 Free Software Foundation, Inc.
This is free software; see the source for copying conditions.  There is NO
warranty; not even for MERCHANTABILITY or FITNESS FOR A PARTICULAR PURPOSE.

Detecting C compiler ABI info compiled with the following output:
Change Dir: /user/HS401/ks02179/com1031-cw/build/CMakeFiles/CMakeTmp

Run Build Command(s):/usr/bin/gmake -f Makefile cmTC_284b0/fast && /usr/bin/gmake  -f CMakeFiles/cmTC_284b0.dir/build.make CMakeFiles/cmTC_284b0.dir/build
gmake[1]: Entering directory '/user/HS401/ks02179/com1031-cw/build/CMakeFiles/CMakeTmp'
Building C object CMakeFiles/cmTC_284b0.dir/CMakeCCompilerABI.c.obj
/user/HS401/ks02179/com1031/arm-toolchain/bin/arm-none-eabi-gcc   -mcpu=cortex-m0plus -mthumb    -v -o CMakeFiles/cmTC_284b0.dir/CMakeCCompilerABI.c.obj -c /usr/share/cmake-3.22/Modules/CMakeCCompilerABI.c
Using built-in specs.
COLLECT_GCC=/user/HS401/ks02179/com1031/arm-toolchain/bin/arm-none-eabi-gcc
Target: arm-none-eabi
Configured with: /data/jenkins/workspace/GNU-toolchain/arm-12/src/gcc/configure --target=arm-none-eabi --prefix=/data/jenkins/workspace/GNU-toolchain/arm-12/build-arm-none-eabi/install --with-gmp=/data/jenkins/workspace/GNU-toolchain/arm-12/build-arm-none-eabi/host-tools --with-mpfr=/data/jenkins/workspace/GNU-toolchain/arm-12/build-arm-none-eabi/host-tools --with-mpc=/data/jenkins/workspace/GNU-toolchain/arm-12/build-arm-none-eabi/host-tools --with-isl=/data/jenkins/workspace/GNU-toolchain/arm-12/build-arm-none-eabi/host-tools --disable-shared --disable-nls --disable-threads --disable-tls --enable-checking=release --enable-languages=c,c++,fortran --with-newlib --with-gnu-as --with-gnu-ld --with-sysroot=/data/jenkins/workspace/GNU-toolchain/arm-12/build-arm-none-eabi/install/arm-none-eabi --with-multilib-list=aprofile,rmprofile --with-pkgversion='Arm GNU Toolchain 12.3.Rel1 (Build arm-12.35)' --with-bugurl=https://bugs.linaro.org/
Thread model: single
Supported LTO compression algorithms: zlib
gcc version 12.3.1 20230626 (Arm GNU Toolchain 12.3.Rel1 (Build arm-12.35)) 
COLLECT_GCC_OPTIONS='-mcpu=cortex-m0plus' '-mthumb' '-v' '-o' 'CMakeFiles/cmTC_284b0.dir/CMakeCCompilerABI.c.obj' '-c' '-mfloat-abi=soft' '-mlibarch=armv6s-m' '-march=armv6s-m' '-dumpdir' 'CMakeFiles/cmTC_284b0.dir/'
 /user/HS401/ks02179/com1031/arm-toolchain/bin/../libexec/gcc/arm-none-eabi/12.3.1/cc1 -quiet -v -imultilib thumb/v6-m/nofp -iprefix /user/HS401/ks02179/com1031/arm-toolchain/bin/../lib/gcc/arm-none-eabi/12.3.1/ -isysroot /user/HS401/ks02179/com1031/arm-toolchain/bin/../arm-none-eabi -D__USES_INITFINI__ /usr/share/cmake-3.22/Modules/CMakeCCompilerABI.c -quiet -dumpdir CMakeFiles/cmTC_284b0.dir/ -dumpbase CMakeCCompilerABI.c.c -dumpbase-ext .c -mcpu=cortex-m0plus -mthumb -mfloat-abi=soft -mlibarch=armv6s-m -march=armv6s-m -version -o /tmp/cc2Pd0p0.s
GNU C17 (Arm GNU Toolchain 12.3.Rel1 (Build arm-12.35)) version 12.3.1 20230626 (arm-none-eabi)
	compiled by GNU C version 4.8.5 20150623 (Red Hat 4.8.5-44), GMP version 6.2.1, MPFR version 3.1.6, MPC version 1.0.3, isl version isl-0.15-1-g835ea3a-GMP

GGC heuristics: --param ggc-min-expand=100 --param ggc-min-heapsize=131072
ignoring duplicate directory "/user/HS401/ks02179/com1031/arm-toolchain/bin/../lib/gcc/../../lib/gcc/arm-none-eabi/12.3.1/include"
ignoring nonexistent directory "/user/HS401/ks02179/com1031/arm-toolchain/bin/../arm-none-eabi/usr/local/include"
ignoring duplicate directory "/user/HS401/ks02179/com1031/arm-toolchain/bin/../lib/gcc/../../lib/gcc/arm-none-eabi/12.3.1/include-fixed"
ignoring duplicate directory "/user/HS401/ks02179/com1031/arm-toolchain/bin/../lib/gcc/../../lib/gcc/arm-none-eabi/12.3.1/../../../../arm-none-eabi/include"
ignoring nonexistent directory "/user/HS401/ks02179/com1031/arm-toolchain/bin/../arm-none-eabi/usr/include"
#include "..." search starts here:
#include <...> search starts here:
 /user/HS401/ks02179/com1031/arm-toolchain/bin/../lib/gcc/arm-none-eabi/12.3.1/include
 /user/HS401/ks02179/com1031/arm-toolchain/bin/../lib/gcc/arm-none-eabi/12.3.1/include-fixed
 /user/HS401/ks02179/com1031/arm-toolchain/bin/../lib/gcc/arm-none-eabi/12.3.1/../../../../arm-none-eabi/include
End of search list.
GNU C17 (Arm GNU Toolchain 12.3.Rel1 (Build arm-12.35)) version 12.3.1 20230626 (arm-none-eabi)
	compiled by GNU C version 4.8.5 20150623 (Red Hat 4.8.5-44), GMP version 6.2.1, MPFR version 3.1.6, MPC version 1.0.3, isl version isl-0.15-1-g835ea3a-GMP

GGC heuristics: --param ggc-min-expand=100 --param ggc-min-heapsize=131072
Compiler executable checksum: 438b582e669a48ce1020c90eb318abec
COLLECT_GCC_OPTIONS='-mcpu=cortex-m0plus' '-mthumb' '-v' '-o' 'CMakeFiles/cmTC_284b0.dir/CMakeCCompilerABI.c.obj' '-c' '-mfloat-abi=soft' '-mlibarch=armv6s-m' '-march=armv6s-m' '-dumpdir' 'CMakeFiles/cmTC_284b0.dir/'
 /user/HS401/ks02179/com1031/arm-toolchain/bin/../lib/gcc/arm-none-eabi/12.3.1/../../../../arm-none-eabi/bin/as -v -march=armv6s-m -mfloat-abi=soft -meabi=5 -o CMakeFiles/cmTC_284b0.dir/CMakeCCompilerABI.c.obj /tmp/cc2Pd0p0.s
GNU assembler version 2.40.0 (arm-none-eabi) using BFD version (Arm GNU Toolchain 12.3.Rel1 (Build arm-12.35)) 2.40.0.20230627
COMPILER_PATH=/user/HS401/ks02179/com1031/arm-toolchain/bin/../libexec/gcc/arm-none-eabi/12.3.1/:/user/HS401/ks02179/com1031/arm-toolchain/bin/../libexec/gcc/:/user/HS401/ks02179/com1031/arm-toolchain/bin/../lib/gcc/arm-none-eabi/12.3.1/../../../../arm-none-eabi/bin/
LIBRARY_PATH=/user/HS401/ks02179/com1031/arm-toolchain/bin/../lib/gcc/arm-none-eabi/12.3.1/thumb/v6-m/nofp/:/user/HS401/ks02179/com1031/arm-toolchain/bin/../lib/gcc/arm-none-eabi/12.3.1/../../../../arm-none-eabi/lib/thumb/v6-m/nofp/:/user/HS401/ks02179/com1031/arm-toolchain/bin/../arm-none-eabi/lib/thumb/v6-m/nofp/:/user/HS401/ks02179/com1031/arm-toolchain/bin/../lib/gcc/arm-none-eabi/12.3.1/:/user/HS401/ks02179/com1031/arm-toolchain/bin/../lib/gcc/:/user/HS401/ks02179/com1031/arm-toolchain/bin/../lib/gcc/arm-none-eabi/12.3.1/../../../../arm-none-eabi/lib/:/user/HS401/ks02179/com1031/arm-toolchain/bin/../arm-none-eabi/lib/
COLLECT_GCC_OPTIONS='-mcpu=cortex-m0plus' '-mthumb' '-v' '-o' 'CMakeFiles/cmTC_284b0.dir/CMakeCCompilerABI.c.obj' '-c' '-mfloat-abi=soft' '-mlibarch=armv6s-m' '-march=armv6s-m' '-dumpdir' 'CMakeFiles/cmTC_284b0.dir/CMakeCCompilerABI.c.'
Linking C executable cmTC_284b0.elf
/usr/bin/cmake -E cmake_link_script CMakeFiles/cmTC_284b0.dir/link.txt --verbose=1
/user/HS401/ks02179/com1031/arm-toolchain/bin/arm-none-eabi-gcc -mcpu=cortex-m0plus -mthumb  -Wl,--build-id=none -nostdlib  -v CMakeFiles/cmTC_284b0.dir/CMakeCCompilerABI.c.obj -o cmTC_284b0.elf 
Using built-in specs.
COLLECT_GCC=/user/HS401/ks02179/com1031/arm-toolchain/bin/arm-none-eabi-gcc
COLLECT_LTO_WRAPPER=/user/HS401/ks02179/com1031/arm-toolchain/bin/../libexec/gcc/arm-none-eabi/12.3.1/lto-wrapper
Target: arm-none-eabi
Configured with: /data/jenkins/workspace/GNU-toolchain/arm-12/src/gcc/configure --target=arm-none-eabi --prefix=/data/jenkins/workspace/GNU-toolchain/arm-12/build-arm-none-eabi/install --with-gmp=/data/jenkins/workspace/GNU-toolchain/arm-12/build-arm-none-eabi/host-tools --with-mpfr=/data/jenkins/workspace/GNU-toolchain/arm-12/build-arm-none-eabi/host-tools --with-mpc=/data/jenkins/workspace/GNU-toolchain/arm-12/build-arm-none-eabi/host-tools --with-isl=/data/jenkins/workspace/GNU-toolchain/arm-12/build-arm-none-eabi/host-tools --disable-shared --disable-nls --disable-threads --disable-tls --enable-checking=release --enable-languages=c,c++,fortran --with-newlib --with-gnu-as --with-gnu-ld --with-sysroot=/data/jenkins/workspace/GNU-toolchain/arm-12/build-arm-none-eabi/install/arm-none-eabi --with-multilib-list=aprofile,rmprofile --with-pkgversion='Arm GNU Toolchain 12.3.Rel1 (Build arm-12.35)' --with-bugurl=https://bugs.linaro.org/
Thread model: single
Supported LTO compression algorithms: zlib
gcc version 12.3.1 20230626 (Arm GNU Toolchain 12.3.Rel1 (Build arm-12.35)) 
COMPILER_PATH=/user/HS401/ks02179/com1031/arm-toolchain/bin/../libexec/gcc/arm-none-eabi/12.3.1/:/user/HS401/ks02179/com1031/arm-toolchain/bin/../libexec/gcc/:/user/HS401/ks02179/com1031/arm-toolchain/bin/../lib/gcc/arm-none-eabi/12.3.1/../../../../arm-none-eabi/bin/
LIBRARY_PATH=/user/HS401/ks02179/com1031/arm-toolchain/bin/../lib/gcc/arm-none-eabi/12.3.1/thumb/v6-m/nofp/:/user/HS401/ks02179/com1031/arm-toolchain/bin/../lib/gcc/arm-none-eabi/12.3.1/../../../../arm-none-eabi/lib/thumb/v6-m/nofp/:/user/HS401/ks02179/com1031/arm-toolchain/bin/../arm-none-eabi/lib/thumb/v6-m/nofp/:/user/HS401/ks02179/com1031/arm-toolchain/bin/../lib/gcc/arm-none-eabi/12.3.1/:/user/HS401/ks02179/com1031/arm-toolchain/bin/../lib/gcc/:/user/HS401/ks02179/com1031/arm-toolchain/bin/../lib/gcc/arm-none-eabi/12.3.1/../../../../arm-none-eabi/lib/:/user/HS401/ks02179/com1031/arm-toolchain/bin/../arm-none-eabi/lib/
COLLECT_GCC_OPTIONS='-mcpu=cortex-m0plus' '-mthumb' '-nostdlib' '-v' '-o' 'cmTC_284b0.elf' '-mfloat-abi=soft' '-mlibarch=armv6s-m' '-march=armv6s-m' '-dumpdir' 'cmTC_284b0.elf.'
 /user/HS401/ks02179/com1031/arm-toolchain/bin/../libexec/gcc/arm-none-eabi/12.3.1/collect2 -plugin /user/HS401/ks02179/com1031/arm-toolchain/bin/../libexec/gcc/arm-none-eabi/12.3.1/liblto_plugin.so -plugin-opt=/user/HS401/ks02179/com1031/arm-toolchain/bin/../libexec/gcc/arm-none-eabi/12.3.1/lto-wrapper -plugin-opt=-fresolution=/tmp/ccSfbra2.res --sysroot=/user/HS401/ks02179/com1031/arm-toolchain/bin/../arm-none-eabi -X -o cmTC_284b0.elf -L/user/HS401/ks02179/com1031/arm-toolchain/bin/../lib/gcc/arm-none-eabi/12.3.1/thumb/v6-m/nofp -L/user/HS401/ks02179/com1031/arm-toolchain/bin/../lib/gcc/arm-none-eabi/12.3.1/../../../../arm-none-eabi/lib/thumb/v6-m/nofp -L/user/HS401/ks02179/com1031/arm-toolchain/bin/../arm-none-eabi/lib/thumb/v6-m/nofp -L/user/HS401/ks02179/com1031/arm-toolchain/bin/../lib/gcc/arm-none-eabi/12.3.1 -L/user/HS401/ks02179/com1031/arm-toolchain/bin/../lib/gcc -L/user/HS401/ks02179/com1031/arm-toolchain/bin/../lib/gcc/arm-none-eabi/12.3.1/../../../../arm-none-eabi/lib -L/user/HS401/ks02179/com1031/arm-toolchain/bin/../arm-none-eabi/lib --build-id=none CMakeFiles/cmTC_284b0.dir/CMakeCCompilerABI.c.obj
/user/HS401/ks02179/com1031/arm-toolchain/bin/../lib/gcc/arm-none-eabi/12.3.1/../../../../arm-none-eabi/bin/ld: warning: cannot find entry symbol _start; defaulting to 00008000
COLLECT_GCC_OPTIONS='-mcpu=cortex-m0plus' '-mthumb' '-nostdlib' '-v' '-o' 'cmTC_284b0.elf' '-mfloat-abi=soft' '-mlibarch=armv6s-m' '-march=armv6s-m' '-dumpdir' 'cmTC_284b0.elf.'
gmake[1]: Leaving directory '/user/HS401/ks02179/com1031-cw/build/CMakeFiles/CMakeTmp'



Parsed C implicit include dir info from above output: rv=done
  found start of include info
  found start of implicit include info
    add: [/user/HS401/ks02179/com1031/arm-toolchain/bin/../lib/gcc/arm-none-eabi/12.3.1/include]
    add: [/user/HS401/ks02179/com1031/arm-toolchain/bin/../lib/gcc/arm-none-eabi/12.3.1/include-fixed]
    add: [/user/HS401/ks02179/com1031/arm-toolchain/bin/../lib/gcc/arm-none-eabi/12.3.1/../../../../arm-none-eabi/include]
  end of search list found
  collapse include dir [/user/HS401/ks02179/com1031/arm-toolchain/bin/../lib/gcc/arm-none-eabi/12.3.1/include] ==> [/user/HS401/ks02179/com1031/arm-toolchain/lib/gcc/arm-none-eabi/12.3.1/include]
  collapse include dir [/user/HS401/ks02179/com1031/arm-toolchain/bin/../lib/gcc/arm-none-eabi/12.3.1/include-fixed] ==> [/user/HS401/ks02179/com1031/arm-toolchain/lib/gcc/arm-none-eabi/12.3.1/include-fixed]
  collapse include dir [/user/HS401/ks02179/com1031/arm-toolchain/bin/../lib/gcc/arm-none-eabi/12.3.1/../../../../arm-none-eabi/include] ==> [/user/HS401/ks02179/com1031/arm-toolchain/arm-none-eabi/include]
  implicit include dirs: [/user/HS401/ks02179/com1031/arm-toolchain/lib/gcc/arm-none-eabi/12.3.1/include;/user/HS401/ks02179/com1031/arm-toolchain/lib/gcc/arm-none-eabi/12.3.1/include-fixed;/user/HS401/ks02179/com1031/arm-toolchain/arm-none-eabi/include]


Parsed C implicit link information from above output:
  link line regex: [^( *|.*[/\])(arm-none-eabi-ld|CMAKE_LINK_STARTFILE-NOTFOUND|([^/\]+-)?ld|collect2)[^/\]*( |$)]
  ignore line: [Change Dir: /user/HS401/ks02179/com1031-cw/build/CMakeFiles/CMakeTmp]
  ignore line: []
  ignore line: [Run Build Command(s):/usr/bin/gmake -f Makefile cmTC_284b0/fast && /usr/bin/gmake  -f CMakeFiles/cmTC_284b0.dir/build.make CMakeFiles/cmTC_284b0.dir/build]
  ignore line: [gmake[1]: Entering directory '/user/HS401/ks02179/com1031-cw/build/CMakeFiles/CMakeTmp']
  ignore line: [Building C object CMakeFiles/cmTC_284b0.dir/CMakeCCompilerABI.c.obj]
  ignore line: [/user/HS401/ks02179/com1031/arm-toolchain/bin/arm-none-eabi-gcc   -mcpu=cortex-m0plus -mthumb    -v -o CMakeFiles/cmTC_284b0.dir/CMakeCCompilerABI.c.obj -c /usr/share/cmake-3.22/Modules/CMakeCCompilerABI.c]
  ignore line: [Using built-in specs.]
  ignore line: [COLLECT_GCC=/user/HS401/ks02179/com1031/arm-toolchain/bin/arm-none-eabi-gcc]
  ignore line: [Target: arm-none-eabi]
  ignore line: [Configured with: /data/jenkins/workspace/GNU-toolchain/arm-12/src/gcc/configure --target=arm-none-eabi --prefix=/data/jenkins/workspace/GNU-toolchain/arm-12/build-arm-none-eabi/install --with-gmp=/data/jenkins/workspace/GNU-toolchain/arm-12/build-arm-none-eabi/host-tools --with-mpfr=/data/jenkins/workspace/GNU-toolchain/arm-12/build-arm-none-eabi/host-tools --with-mpc=/data/jenkins/workspace/GNU-toolchain/arm-12/build-arm-none-eabi/host-tools --with-isl=/data/jenkins/workspace/GNU-toolchain/arm-12/build-arm-none-eabi/host-tools --disable-shared --disable-nls --disable-threads --disable-tls --enable-checking=release --enable-languages=c,c++,fortran --with-newlib --with-gnu-as --with-gnu-ld --with-sysroot=/data/jenkins/workspace/GNU-toolchain/arm-12/build-arm-none-eabi/install/arm-none-eabi --with-multilib-list=aprofile,rmprofile --with-pkgversion='Arm GNU Toolchain 12.3.Rel1 (Build arm-12.35)' --with-bugurl=https://bugs.linaro.org/]
  ignore line: [Thread model: single]
  ignore line: [Supported LTO compression algorithms: zlib]
  ignore line: [gcc version 12.3.1 20230626 (Arm GNU Toolchain 12.3.Rel1 (Build arm-12.35)) ]
  ignore line: [COLLECT_GCC_OPTIONS='-mcpu=cortex-m0plus' '-mthumb' '-v' '-o' 'CMakeFiles/cmTC_284b0.dir/CMakeCCompilerABI.c.obj' '-c' '-mfloat-abi=soft' '-mlibarch=armv6s-m' '-march=armv6s-m' '-dumpdir' 'CMakeFiles/cmTC_284b0.dir/']
  ignore line: [ /user/HS401/ks02179/com1031/arm-toolchain/bin/../libexec/gcc/arm-none-eabi/12.3.1/cc1 -quiet -v -imultilib thumb/v6-m/nofp -iprefix /user/HS401/ks02179/com1031/arm-toolchain/bin/../lib/gcc/arm-none-eabi/12.3.1/ -isysroot /user/HS401/ks02179/com1031/arm-toolchain/bin/../arm-none-eabi -D__USES_INITFINI__ /usr/share/cmake-3.22/Modules/CMakeCCompilerABI.c -quiet -dumpdir CMakeFiles/cmTC_284b0.dir/ -dumpbase CMakeCCompilerABI.c.c -dumpbase-ext .c -mcpu=cortex-m0plus -mthumb -mfloat-abi=soft -mlibarch=armv6s-m -march=armv6s-m -version -o /tmp/cc2Pd0p0.s]
  ignore line: [GNU C17 (Arm GNU Toolchain 12.3.Rel1 (Build arm-12.35)) version 12.3.1 20230626 (arm-none-eabi)]
  ignore line: [	compiled by GNU C version 4.8.5 20150623 (Red Hat 4.8.5-44)  GMP version 6.2.1  MPFR version 3.1.6  MPC version 1.0.3  isl version isl-0.15-1-g835ea3a-GMP]
  ignore line: []
  ignore line: [GGC heuristics: --param ggc-min-expand=100 --param ggc-min-heapsize=131072]
  ignore line: [ignoring duplicate directory "/user/HS401/ks02179/com1031/arm-toolchain/bin/../lib/gcc/../../lib/gcc/arm-none-eabi/12.3.1/include"]
  ignore line: [ignoring nonexistent directory "/user/HS401/ks02179/com1031/arm-toolchain/bin/../arm-none-eabi/usr/local/include"]
  ignore line: [ignoring duplicate directory "/user/HS401/ks02179/com1031/arm-toolchain/bin/../lib/gcc/../../lib/gcc/arm-none-eabi/12.3.1/include-fixed"]
  ignore line: [ignoring duplicate directory "/user/HS401/ks02179/com1031/arm-toolchain/bin/../lib/gcc/../../lib/gcc/arm-none-eabi/12.3.1/../../../../arm-none-eabi/include"]
  ignore line: [ignoring nonexistent directory "/user/HS401/ks02179/com1031/arm-toolchain/bin/../arm-none-eabi/usr/include"]
  ignore line: [#include "..." search starts here:]
  ignore line: [#include <...> search starts here:]
  ignore line: [ /user/HS401/ks02179/com1031/arm-toolchain/bin/../lib/gcc/arm-none-eabi/12.3.1/include]
  ignore line: [ /user/HS401/ks02179/com1031/arm-toolchain/bin/../lib/gcc/arm-none-eabi/12.3.1/include-fixed]
  ignore line: [ /user/HS401/ks02179/com1031/arm-toolchain/bin/../lib/gcc/arm-none-eabi/12.3.1/../../../../arm-none-eabi/include]
  ignore line: [End of search list.]
  ignore line: [GNU C17 (Arm GNU Toolchain 12.3.Rel1 (Build arm-12.35)) version 12.3.1 20230626 (arm-none-eabi)]
  ignore line: [	compiled by GNU C version 4.8.5 20150623 (Red Hat 4.8.5-44)  GMP version 6.2.1  MPFR version 3.1.6  MPC version 1.0.3  isl version isl-0.15-1-g835ea3a-GMP]
  ignore line: []
  ignore line: [GGC heuristics: --param ggc-min-expand=100 --param ggc-min-heapsize=131072]
  ignore line: [Compiler executable checksum: 438b582e669a48ce1020c90eb318abec]
  ignore line: [COLLECT_GCC_OPTIONS='-mcpu=cortex-m0plus' '-mthumb' '-v' '-o' 'CMakeFiles/cmTC_284b0.dir/CMakeCCompilerABI.c.obj' '-c' '-mfloat-abi=soft' '-mlibarch=armv6s-m' '-march=armv6s-m' '-dumpdir' 'CMakeFiles/cmTC_284b0.dir/']
  ignore line: [ /user/HS401/ks02179/com1031/arm-toolchain/bin/../lib/gcc/arm-none-eabi/12.3.1/../../../../arm-none-eabi/bin/as -v -march=armv6s-m -mfloat-abi=soft -meabi=5 -o CMakeFiles/cmTC_284b0.dir/CMakeCCompilerABI.c.obj /tmp/cc2Pd0p0.s]
  ignore line: [GNU assembler version 2.40.0 (arm-none-eabi) using BFD version (Arm GNU Toolchain 12.3.Rel1 (Build arm-12.35)) 2.40.0.20230627]
  ignore line: [COMPILER_PATH=/user/HS401/ks02179/com1031/arm-toolchain/bin/../libexec/gcc/arm-none-eabi/12.3.1/:/user/HS401/ks02179/com1031/arm-toolchain/bin/../libexec/gcc/:/user/HS401/ks02179/com1031/arm-toolchain/bin/../lib/gcc/arm-none-eabi/12.3.1/../../../../arm-none-eabi/bin/]
  ignore line: [LIBRARY_PATH=/user/HS401/ks02179/com1031/arm-toolchain/bin/../lib/gcc/arm-none-eabi/12.3.1/thumb/v6-m/nofp/:/user/HS401/ks02179/com1031/arm-toolchain/bin/../lib/gcc/arm-none-eabi/12.3.1/../../../../arm-none-eabi/lib/thumb/v6-m/nofp/:/user/HS401/ks02179/com1031/arm-toolchain/bin/../arm-none-eabi/lib/thumb/v6-m/nofp/:/user/HS401/ks02179/com1031/arm-toolchain/bin/../lib/gcc/arm-none-eabi/12.3.1/:/user/HS401/ks02179/com1031/arm-toolchain/bin/../lib/gcc/:/user/HS401/ks02179/com1031/arm-toolchain/bin/../lib/gcc/arm-none-eabi/12.3.1/../../../../arm-none-eabi/lib/:/user/HS401/ks02179/com1031/arm-toolchain/bin/../arm-none-eabi/lib/]
  ignore line: [COLLECT_GCC_OPTIONS='-mcpu=cortex-m0plus' '-mthumb' '-v' '-o' 'CMakeFiles/cmTC_284b0.dir/CMakeCCompilerABI.c.obj' '-c' '-mfloat-abi=soft' '-mlibarch=armv6s-m' '-march=armv6s-m' '-dumpdir' 'CMakeFiles/cmTC_284b0.dir/CMakeCCompilerABI.c.']
  ignore line: [Linking C executable cmTC_284b0.elf]
  ignore line: [/usr/bin/cmake -E cmake_link_script CMakeFiles/cmTC_284b0.dir/link.txt --verbose=1]
  ignore line: [/user/HS401/ks02179/com1031/arm-toolchain/bin/arm-none-eabi-gcc -mcpu=cortex-m0plus -mthumb  -Wl --build-id=none -nostdlib  -v CMakeFiles/cmTC_284b0.dir/CMakeCCompilerABI.c.obj -o cmTC_284b0.elf ]
  ignore line: [Using built-in specs.]
  ignore line: [COLLECT_GCC=/user/HS401/ks02179/com1031/arm-toolchain/bin/arm-none-eabi-gcc]
  ignore line: [COLLECT_LTO_WRAPPER=/user/HS401/ks02179/com1031/arm-toolchain/bin/../libexec/gcc/arm-none-eabi/12.3.1/lto-wrapper]
  ignore line: [Target: arm-none-eabi]
  ignore line: [Configured with: /data/jenkins/workspace/GNU-toolchain/arm-12/src/gcc/configure --target=arm-none-eabi --prefix=/data/jenkins/workspace/GNU-toolchain/arm-12/build-arm-none-eabi/install --with-gmp=/data/jenkins/workspace/GNU-toolchain/arm-12/build-arm-none-eabi/host-tools --with-mpfr=/data/jenkins/workspace/GNU-toolchain/arm-12/build-arm-none-eabi/host-tools --with-mpc=/data/jenkins/workspace/GNU-toolchain/arm-12/build-arm-none-eabi/host-tools --with-isl=/data/jenkins/workspace/GNU-toolchain/arm-12/build-arm-none-eabi/host-tools --disable-shared --disable-nls --disable-threads --disable-tls --enable-checking=release --enable-languages=c,c++,fortran --with-newlib --with-gnu-as --with-gnu-ld --with-sysroot=/data/jenkins/workspace/GNU-toolchain/arm-12/build-arm-none-eabi/install/arm-none-eabi --with-multilib-list=aprofile,rmprofile --with-pkgversion='Arm GNU Toolchain 12.3.Rel1 (Build arm-12.35)' --with-bugurl=https://bugs.linaro.org/]
  ignore line: [Thread model: single]
  ignore line: [Supported LTO compression algorithms: zlib]
  ignore line: [gcc version 12.3.1 20230626 (Arm GNU Toolchain 12.3.Rel1 (Build arm-12.35)) ]
  ignore line: [COMPILER_PATH=/user/HS401/ks02179/com1031/arm-toolchain/bin/../libexec/gcc/arm-none-eabi/12.3.1/:/user/HS401/ks02179/com1031/arm-toolchain/bin/../libexec/gcc/:/user/HS401/ks02179/com1031/arm-toolchain/bin/../lib/gcc/arm-none-eabi/12.3.1/../../../../arm-none-eabi/bin/]
  ignore line: [LIBRARY_PATH=/user/HS401/ks02179/com1031/arm-toolchain/bin/../lib/gcc/arm-none-eabi/12.3.1/thumb/v6-m/nofp/:/user/HS401/ks02179/com1031/arm-toolchain/bin/../lib/gcc/arm-none-eabi/12.3.1/../../../../arm-none-eabi/lib/thumb/v6-m/nofp/:/user/HS401/ks02179/com1031/arm-toolchain/bin/../arm-none-eabi/lib/thumb/v6-m/nofp/:/user/HS401/ks02179/com1031/arm-toolchain/bin/../lib/gcc/arm-none-eabi/12.3.1/:/user/HS401/ks02179/com1031/arm-toolchain/bin/../lib/gcc/:/user/HS401/ks02179/com1031/arm-toolchain/bin/../lib/gcc/arm-none-eabi/12.3.1/../../../../arm-none-eabi/lib/:/user/HS401/ks02179/com1031/arm-toolchain/bin/../arm-none-eabi/lib/]
  ignore line: [COLLECT_GCC_OPTIONS='-mcpu=cortex-m0plus' '-mthumb' '-nostdlib' '-v' '-o' 'cmTC_284b0.elf' '-mfloat-abi=soft' '-mlibarch=armv6s-m' '-march=armv6s-m' '-dumpdir' 'cmTC_284b0.elf.']
  link line: [ /user/HS401/ks02179/com1031/arm-toolchain/bin/../libexec/gcc/arm-none-eabi/12.3.1/collect2 -plugin /user/HS401/ks02179/com1031/arm-toolchain/bin/../libexec/gcc/arm-none-eabi/12.3.1/liblto_plugin.so -plugin-opt=/user/HS401/ks02179/com1031/arm-toolchain/bin/../libexec/gcc/arm-none-eabi/12.3.1/lto-wrapper -plugin-opt=-fresolution=/tmp/ccSfbra2.res --sysroot=/user/HS401/ks02179/com1031/arm-toolchain/bin/../arm-none-eabi -X -o cmTC_284b0.elf -L/user/HS401/ks02179/com1031/arm-toolchain/bin/../lib/gcc/arm-none-eabi/12.3.1/thumb/v6-m/nofp -L/user/HS401/ks02179/com1031/arm-toolchain/bin/../lib/gcc/arm-none-eabi/12.3.1/../../../../arm-none-eabi/lib/thumb/v6-m/nofp -L/user/HS401/ks02179/com1031/arm-toolchain/bin/../arm-none-eabi/lib/thumb/v6-m/nofp -L/user/HS401/ks02179/com1031/arm-toolchain/bin/../lib/gcc/arm-none-eabi/12.3.1 -L/user/HS401/ks02179/com1031/arm-toolchain/bin/../lib/gcc -L/user/HS401/ks02179/com1031/arm-toolchain/bin/../lib/gcc/arm-none-eabi/12.3.1/../../../../arm-none-eabi/lib -L/user/HS401/ks02179/com1031/arm-toolchain/bin/../arm-none-eabi/lib --build-id=none CMakeFiles/cmTC_284b0.dir/CMakeCCompilerABI.c.obj]
    arg [/user/HS401/ks02179/com1031/arm-toolchain/bin/../libexec/gcc/arm-none-eabi/12.3.1/collect2] ==> ignore
    arg [-plugin] ==> ignore
    arg [/user/HS401/ks02179/com1031/arm-toolchain/bin/../libexec/gcc/arm-none-eabi/12.3.1/liblto_plugin.so] ==> ignore
    arg [-plugin-opt=/user/HS401/ks02179/com1031/arm-toolchain/bin/../libexec/gcc/arm-none-eabi/12.3.1/lto-wrapper] ==> ignore
    arg [-plugin-opt=-fresolution=/tmp/ccSfbra2.res] ==> ignore
    arg [--sysroot=/user/HS401/ks02179/com1031/arm-toolchain/bin/../arm-none-eabi] ==> ignore
    arg [-X] ==> ignore
    arg [-o] ==> ignore
    arg [cmTC_284b0.elf] ==> ignore
    arg [-L/user/HS401/ks02179/com1031/arm-toolchain/bin/../lib/gcc/arm-none-eabi/12.3.1/thumb/v6-m/nofp] ==> dir [/user/HS401/ks02179/com1031/arm-toolchain/bin/../lib/gcc/arm-none-eabi/12.3.1/thumb/v6-m/nofp]
    arg [-L/user/HS401/ks02179/com1031/arm-toolchain/bin/../lib/gcc/arm-none-eabi/12.3.1/../../../../arm-none-eabi/lib/thumb/v6-m/nofp] ==> dir [/user/HS401/ks02179/com1031/arm-toolchain/bin/../lib/gcc/arm-none-eabi/12.3.1/../../../../arm-none-eabi/lib/thumb/v6-m/nofp]
    arg [-L/user/HS401/ks02179/com1031/arm-toolchain/bin/../arm-none-eabi/lib/thumb/v6-m/nofp] ==> dir [/user/HS401/ks02179/com1031/arm-toolchain/bin/../arm-none-eabi/lib/thumb/v6-m/nofp]
    arg [-L/user/HS401/ks02179/com1031/arm-toolchain/bin/../lib/gcc/arm-none-eabi/12.3.1] ==> dir [/user/HS401/ks02179/com1031/arm-toolchain/bin/../lib/gcc/arm-none-eabi/12.3.1]
    arg [-L/user/HS401/ks02179/com1031/arm-toolchain/bin/../lib/gcc] ==> dir [/user/HS401/ks02179/com1031/arm-toolchain/bin/../lib/gcc]
    arg [-L/user/HS401/ks02179/com1031/arm-toolchain/bin/../lib/gcc/arm-none-eabi/12.3.1/../../../../arm-none-eabi/lib] ==> dir [/user/HS401/ks02179/com1031/arm-toolchain/bin/../lib/gcc/arm-none-eabi/12.3.1/../../../../arm-none-eabi/lib]
    arg [-L/user/HS401/ks02179/com1031/arm-toolchain/bin/../arm-none-eabi/lib] ==> dir [/user/HS401/ks02179/com1031/arm-toolchain/bin/../arm-none-eabi/lib]
    arg [--build-id=none] ==> ignore
    arg [CMakeFiles/cmTC_284b0.dir/CMakeCCompilerABI.c.obj] ==> ignore
  collapse library dir [/user/HS401/ks02179/com1031/arm-toolchain/bin/../lib/gcc/arm-none-eabi/12.3.1/thumb/v6-m/nofp] ==> [/user/HS401/ks02179/com1031/arm-toolchain/lib/gcc/arm-none-eabi/12.3.1/thumb/v6-m/nofp]
  collapse library dir [/user/HS401/ks02179/com1031/arm-toolchain/bin/../lib/gcc/arm-none-eabi/12.3.1/../../../../arm-none-eabi/lib/thumb/v6-m/nofp] ==> [/user/HS401/ks02179/com1031/arm-toolchain/arm-none-eabi/lib/thumb/v6-m/nofp]
  collapse library dir [/user/HS401/ks02179/com1031/arm-toolchain/bin/../arm-none-eabi/lib/thumb/v6-m/nofp] ==> [/user/HS401/ks02179/com1031/arm-toolchain/arm-none-eabi/lib/thumb/v6-m/nofp]
  collapse library dir [/user/HS401/ks02179/com1031/arm-toolchain/bin/../lib/gcc/arm-none-eabi/12.3.1] ==> [/user/HS401/ks02179/com1031/arm-toolchain/lib/gcc/arm-none-eabi/12.3.1]
  collapse library dir [/user/HS401/ks02179/com1031/arm-toolchain/bin/../lib/gcc] ==> [/user/HS401/ks02179/com1031/arm-toolchain/lib/gcc]
  collapse library dir [/user/HS401/ks02179/com1031/arm-toolchain/bin/../lib/gcc/arm-none-eabi/12.3.1/../../../../arm-none-eabi/lib] ==> [/user/HS401/ks02179/com1031/arm-toolchain/arm-none-eabi/lib]
  collapse library dir [/user/HS401/ks02179/com1031/arm-toolchain/bin/../arm-none-eabi/lib] ==> [/user/HS401/ks02179/com1031/arm-toolchain/arm-none-eabi/lib]
  implicit libs: []
  implicit objs: []
  implicit dirs: [/user/HS401/ks02179/com1031/arm-toolchain/lib/gcc/arm-none-eabi/12.3.1/thumb/v6-m/nofp;/user/HS401/ks02179/com1031/arm-toolchain/arm-none-eabi/lib/thumb/v6-m/nofp;/user/HS401/ks02179/com1031/arm-toolchain/lib/gcc/arm-none-eabi/12.3.1;/user/HS401/ks02179/com1031/arm-toolchain/lib/gcc;/user/HS401/ks02179/com1031/arm-toolchain/arm-none-eabi/lib]
  implicit fwks: []


Detecting CXX compiler ABI info compiled with the following output:
Change Dir: /user/HS401/ks02179/com1031-cw/build/CMakeFiles/CMakeTmp

Run Build Command(s):/usr/bin/gmake -f Makefile cmTC_ad629/fast && /usr/bin/gmake  -f CMakeFiles/cmTC_ad629.dir/build.make CMakeFiles/cmTC_ad629.dir/build
gmake[1]: Entering directory '/user/HS401/ks02179/com1031-cw/build/CMakeFiles/CMakeTmp'
Building CXX object CMakeFiles/cmTC_ad629.dir/CMakeCXXCompilerABI.cpp.obj
/user/HS401/ks02179/com1031/arm-toolchain/bin/arm-none-eabi-g++   -mcpu=cortex-m0plus -mthumb    -v -o CMakeFiles/cmTC_ad629.dir/CMakeCXXCompilerABI.cpp.obj -c /usr/share/cmake-3.22/Modules/CMakeCXXCompilerABI.cpp
Using built-in specs.
COLLECT_GCC=/user/HS401/ks02179/com1031/arm-toolchain/bin/arm-none-eabi-g++
Target: arm-none-eabi
Configured with: /data/jenkins/workspace/GNU-toolchain/arm-12/src/gcc/configure --target=arm-none-eabi --prefix=/data/jenkins/workspace/GNU-toolchain/arm-12/build-arm-none-eabi/install --with-gmp=/data/jenkins/workspace/GNU-toolchain/arm-12/build-arm-none-eabi/host-tools --with-mpfr=/data/jenkins/workspace/GNU-toolchain/arm-12/build-arm-none-eabi/host-tools --with-mpc=/data/jenkins/workspace/GNU-toolchain/arm-12/build-arm-none-eabi/host-tools --with-isl=/data/jenkins/workspace/GNU-toolchain/arm-12/build-arm-none-eabi/host-tools --disable-shared --disable-nls --disable-threads --disable-tls --enable-checking=release --enable-languages=c,c++,fortran --with-newlib --with-gnu-as --with-gnu-ld --with-sysroot=/data/jenkins/workspace/GNU-toolchain/arm-12/build-arm-none-eabi/install/arm-none-eabi --with-multilib-list=aprofile,rmprofile --with-pkgversion='Arm GNU Toolchain 12.3.Rel1 (Build arm-12.35)' --with-bugurl=https://bugs.linaro.org/
Thread model: single
Supported LTO compression algorithms: zlib
gcc version 12.3.1 20230626 (Arm GNU Toolchain 12.3.Rel1 (Build arm-12.35)) 
COLLECT_GCC_OPTIONS='-mcpu=cortex-m0plus' '-mthumb' '-v' '-o' 'CMakeFiles/cmTC_ad629.dir/CMakeCXXCompilerABI.cpp.obj' '-c' '-mfloat-abi=soft' '-mlibarch=armv6s-m' '-march=armv6s-m' '-dumpdir' 'CMakeFiles/cmTC_ad629.dir/'
 /user/HS401/ks02179/com1031/arm-toolchain/bin/../libexec/gcc/arm-none-eabi/12.3.1/cc1plus -quiet -v -imultilib thumb/v6-m/nofp -iprefix /user/HS401/ks02179/com1031/arm-toolchain/bin/../lib/gcc/arm-none-eabi/12.3.1/ -isysroot /user/HS401/ks02179/com1031/arm-toolchain/bin/../arm-none-eabi -D__USES_INITFINI__ /usr/share/cmake-3.22/Modules/CMakeCXXCompilerABI.cpp -quiet -dumpdir CMakeFiles/cmTC_ad629.dir/ -dumpbase CMakeCXXCompilerABI.cpp.cpp -dumpbase-ext .cpp -mcpu=cortex-m0plus -mthumb -mfloat-abi=soft -mlibarch=armv6s-m -march=armv6s-m -version -o /tmp/ccvkq7Vp.s
GNU C++17 (Arm GNU Toolchain 12.3.Rel1 (Build arm-12.35)) version 12.3.1 20230626 (arm-none-eabi)
	compiled by GNU C version 4.8.5 20150623 (Red Hat 4.8.5-44), GMP version 6.2.1, MPFR version 3.1.6, MPC version 1.0.3, isl version isl-0.15-1-g835ea3a-GMP

GGC heuristics: --param ggc-min-expand=100 --param ggc-min-heapsize=131072
ignoring duplicate directory "/user/HS401/ks02179/com1031/arm-toolchain/bin/../lib/gcc/../../lib/gcc/arm-none-eabi/12.3.1/../../../../arm-none-eabi/include/c++/12.3.1"
ignoring duplicate directory "/user/HS401/ks02179/com1031/arm-toolchain/bin/../lib/gcc/../../lib/gcc/arm-none-eabi/12.3.1/../../../../arm-none-eabi/include/c++/12.3.1/arm-none-eabi/thumb/v6-m/nofp"
ignoring duplicate directory "/user/HS401/ks02179/com1031/arm-toolchain/bin/../lib/gcc/../../lib/gcc/arm-none-eabi/12.3.1/../../../../arm-none-eabi/include/c++/12.3.1/backward"
ignoring duplicate directory "/user/HS401/ks02179/com1031/arm-toolchain/bin/../lib/gcc/../../lib/gcc/arm-none-eabi/12.3.1/include"
ignoring nonexistent directory "/user/HS401/ks02179/com1031/arm-toolchain/bin/../arm-none-eabi/usr/local/include"
ignoring duplicate directory "/user/HS401/ks02179/com1031/arm-toolchain/bin/../lib/gcc/../../lib/gcc/arm-none-eabi/12.3.1/include-fixed"
ignoring duplicate directory "/user/HS401/ks02179/com1031/arm-toolchain/bin/../lib/gcc/../../lib/gcc/arm-none-eabi/12.3.1/../../../../arm-none-eabi/include"
ignoring nonexistent directory "/user/HS401/ks02179/com1031/arm-toolchain/bin/../arm-none-eabi/usr/include"
#include "..." search starts here:
#include <...> search starts here:
 /user/HS401/ks02179/com1031/arm-toolchain/bin/../lib/gcc/arm-none-eabi/12.3.1/../../../../arm-none-eabi/include/c++/12.3.1
 /user/HS401/ks02179/com1031/arm-toolchain/bin/../lib/gcc/arm-none-eabi/12.3.1/../../../../arm-none-eabi/include/c++/12.3.1/arm-none-eabi/thumb/v6-m/nofp
 /user/HS401/ks02179/com1031/arm-toolchain/bin/../lib/gcc/arm-none-eabi/12.3.1/../../../../arm-none-eabi/include/c++/12.3.1/backward
 /user/HS401/ks02179/com1031/arm-toolchain/bin/../lib/gcc/arm-none-eabi/12.3.1/include
 /user/HS401/ks02179/com1031/arm-toolchain/bin/../lib/gcc/arm-none-eabi/12.3.1/include-fixed
 /user/HS401/ks02179/com1031/arm-toolchain/bin/../lib/gcc/arm-none-eabi/12.3.1/../../../../arm-none-eabi/include
End of search list.
GNU C++17 (Arm GNU Toolchain 12.3.Rel1 (Build arm-12.35)) version 12.3.1 20230626 (arm-none-eabi)
	compiled by GNU C version 4.8.5 20150623 (Red Hat 4.8.5-44), GMP version 6.2.1, MPFR version 3.1.6, MPC version 1.0.3, isl version isl-0.15-1-g835ea3a-GMP

GGC heuristics: --param ggc-min-expand=100 --param ggc-min-heapsize=131072
Compiler executable checksum: f4effcca7e7be5b700cb3eb6c8c498de
COLLECT_GCC_OPTIONS='-mcpu=cortex-m0plus' '-mthumb' '-v' '-o' 'CMakeFiles/cmTC_ad629.dir/CMakeCXXCompilerABI.cpp.obj' '-c' '-mfloat-abi=soft' '-mlibarch=armv6s-m' '-march=armv6s-m' '-dumpdir' 'CMakeFiles/cmTC_ad629.dir/'
 /user/HS401/ks02179/com1031/arm-toolchain/bin/../lib/gcc/arm-none-eabi/12.3.1/../../../../arm-none-eabi/bin/as -v -march=armv6s-m -mfloat-abi=soft -meabi=5 -o CMakeFiles/cmTC_ad629.dir/CMakeCXXCompilerABI.cpp.obj /tmp/ccvkq7Vp.s
GNU assembler version 2.40.0 (arm-none-eabi) using BFD version (Arm GNU Toolchain 12.3.Rel1 (Build arm-12.35)) 2.40.0.20230627
COMPILER_PATH=/user/HS401/ks02179/com1031/arm-toolchain/bin/../libexec/gcc/arm-none-eabi/12.3.1/:/user/HS401/ks02179/com1031/arm-toolchain/bin/../libexec/gcc/:/user/HS401/ks02179/com1031/arm-toolchain/bin/../lib/gcc/arm-none-eabi/12.3.1/../../../../arm-none-eabi/bin/
LIBRARY_PATH=/user/HS401/ks02179/com1031/arm-toolchain/bin/../lib/gcc/arm-none-eabi/12.3.1/thumb/v6-m/nofp/:/user/HS401/ks02179/com1031/arm-toolchain/bin/../lib/gcc/arm-none-eabi/12.3.1/../../../../arm-none-eabi/lib/thumb/v6-m/nofp/:/user/HS401/ks02179/com1031/arm-toolchain/bin/../arm-none-eabi/lib/thumb/v6-m/nofp/:/user/HS401/ks02179/com1031/arm-toolchain/bin/../lib/gcc/arm-none-eabi/12.3.1/:/user/HS401/ks02179/com1031/arm-toolchain/bin/../lib/gcc/:/user/HS401/ks02179/com1031/arm-toolchain/bin/../lib/gcc/arm-none-eabi/12.3.1/../../../../arm-none-eabi/lib/:/user/HS401/ks02179/com1031/arm-toolchain/bin/../arm-none-eabi/lib/
COLLECT_GCC_OPTIONS='-mcpu=cortex-m0plus' '-mthumb' '-v' '-o' 'CMakeFiles/cmTC_ad629.dir/CMakeCXXCompilerABI.cpp.obj' '-c' '-mfloat-abi=soft' '-mlibarch=armv6s-m' '-march=armv6s-m' '-dumpdir' 'CMakeFiles/cmTC_ad629.dir/CMakeCXXCompilerABI.cpp.'
Linking CXX executable cmTC_ad629.elf
/usr/bin/cmake -E cmake_link_script CMakeFiles/cmTC_ad629.dir/link.txt --verbose=1
/user/HS401/ks02179/com1031/arm-toolchain/bin/arm-none-eabi-g++ -mcpu=cortex-m0plus -mthumb  -Wl,--build-id=none -nostdlib  -v CMakeFiles/cmTC_ad629.dir/CMakeCXXCompilerABI.cpp.obj -o cmTC_ad629.elf 
Using built-in specs.
COLLECT_GCC=/user/HS401/ks02179/com1031/arm-toolchain/bin/arm-none-eabi-g++
COLLECT_LTO_WRAPPER=/user/HS401/ks02179/com1031/arm-toolchain/bin/../libexec/gcc/arm-none-eabi/12.3.1/lto-wrapper
Target: arm-none-eabi
Configured with: /data/jenkins/workspace/GNU-toolchain/arm-12/src/gcc/configure --target=arm-none-eabi --prefix=/data/jenkins/workspace/GNU-toolchain/arm-12/build-arm-none-eabi/install --with-gmp=/data/jenkins/workspace/GNU-toolchain/arm-12/build-arm-none-eabi/host-tools --with-mpfr=/data/jenkins/workspace/GNU-toolchain/arm-12/build-arm-none-eabi/host-tools --with-mpc=/data/jenkins/workspace/GNU-toolchain/arm-12/build-arm-none-eabi/host-tools --with-isl=/data/jenkins/workspace/GNU-toolchain/arm-12/build-arm-none-eabi/host-tools --disable-shared --disable-nls --disable-threads --disable-tls --enable-checking=release --enable-languages=c,c++,fortran --with-newlib --with-gnu-as --with-gnu-ld --with-sysroot=/data/jenkins/workspace/GNU-toolchain/arm-12/build-arm-none-eabi/install/arm-none-eabi --with-multilib-list=aprofile,rmprofile --with-pkgversion='Arm GNU Toolchain 12.3.Rel1 (Build arm-12.35)' --with-bugurl=https://bugs.linaro.org/
Thread model: single
Supported LTO compression algorithms: zlib
gcc version 12.3.1 20230626 (Arm GNU Toolchain 12.3.Rel1 (Build arm-12.35)) 
COMPILER_PATH=/user/HS401/ks02179/com1031/arm-toolchain/bin/../libexec/gcc/arm-none-eabi/12.3.1/:/user/HS401/ks02179/com1031/arm-toolchain/bin/../libexec/gcc/:/user/HS401/ks02179/com1031/arm-toolchain/bin/../lib/gcc/arm-none-eabi/12.3.1/../../../../arm-none-eabi/bin/
LIBRARY_PATH=/user/HS401/ks02179/com1031/arm-toolchain/bin/../lib/gcc/arm-none-eabi/12.3.1/thumb/v6-m/nofp/:/user/HS401/ks02179/com1031/arm-toolchain/bin/../lib/gcc/arm-none-eabi/12.3.1/../../../../arm-none-eabi/lib/thumb/v6-m/nofp/:/user/HS401/ks02179/com1031/arm-toolchain/bin/../arm-none-eabi/lib/thumb/v6-m/nofp/:/user/HS401/ks02179/com1031/arm-toolchain/bin/../lib/gcc/arm-none-eabi/12.3.1/:/user/HS401/ks02179/com1031/arm-toolchain/bin/../lib/gcc/:/user/HS401/ks02179/com1031/arm-toolchain/bin/../lib/gcc/arm-none-eabi/12.3.1/../../../../arm-none-eabi/lib/:/user/HS401/ks02179/com1031/arm-toolchain/bin/../arm-none-eabi/lib/
COLLECT_GCC_OPTIONS='-mcpu=cortex-m0plus' '-mthumb' '-nostdlib' '-v' '-o' 'cmTC_ad629.elf' '-mfloat-abi=soft' '-mlibarch=armv6s-m' '-march=armv6s-m' '-dumpdir' 'cmTC_ad629.elf.'
 /user/HS401/ks02179/com1031/arm-toolchain/bin/../libexec/gcc/arm-none-eabi/12.3.1/collect2 -plugin /user/HS401/ks02179/com1031/arm-toolchain/bin/../libexec/gcc/arm-none-eabi/12.3.1/liblto_plugin.so -plugin-opt=/user/HS401/ks02179/com1031/arm-toolchain/bin/../libexec/gcc/arm-none-eabi/12.3.1/lto-wrapper -plugin-opt=-fresolution=/tmp/ccra8fbV.res --sysroot=/user/HS401/ks02179/com1031/arm-toolchain/bin/../arm-none-eabi -X -o cmTC_ad629.elf -L/user/HS401/ks02179/com1031/arm-toolchain/bin/../lib/gcc/arm-none-eabi/12.3.1/thumb/v6-m/nofp -L/user/HS401/ks02179/com1031/arm-toolchain/bin/../lib/gcc/arm-none-eabi/12.3.1/../../../../arm-none-eabi/lib/thumb/v6-m/nofp -L/user/HS401/ks02179/com1031/arm-toolchain/bin/../arm-none-eabi/lib/thumb/v6-m/nofp -L/user/HS401/ks02179/com1031/arm-toolchain/bin/../lib/gcc/arm-none-eabi/12.3.1 -L/user/HS401/ks02179/com1031/arm-toolchain/bin/../lib/gcc -L/user/HS401/ks02179/com1031/arm-toolchain/bin/../lib/gcc/arm-none-eabi/12.3.1/../../../../arm-none-eabi/lib -L/user/HS401/ks02179/com1031/arm-toolchain/bin/../arm-none-eabi/lib --build-id=none CMakeFiles/cmTC_ad629.dir/CMakeCXXCompilerABI.cpp.obj
/user/HS401/ks02179/com1031/arm-toolchain/bin/../lib/gcc/arm-none-eabi/12.3.1/../../../../arm-none-eabi/bin/ld: warning: cannot find entry symbol _start; defaulting to 00008000
COLLECT_GCC_OPTIONS='-mcpu=cortex-m0plus' '-mthumb' '-nostdlib' '-v' '-o' 'cmTC_ad629.elf' '-mfloat-abi=soft' '-mlibarch=armv6s-m' '-march=armv6s-m' '-dumpdir' 'cmTC_ad629.elf.'
gmake[1]: Leaving directory '/user/HS401/ks02179/com1031-cw/build/CMakeFiles/CMakeTmp'



Parsed CXX implicit include dir info from above output: rv=done
  found start of include info
  found start of implicit include info
    add: [/user/HS401/ks02179/com1031/arm-toolchain/bin/../lib/gcc/arm-none-eabi/12.3.1/../../../../arm-none-eabi/include/c++/12.3.1]
    add: [/user/HS401/ks02179/com1031/arm-toolchain/bin/../lib/gcc/arm-none-eabi/12.3.1/../../../../arm-none-eabi/include/c++/12.3.1/arm-none-eabi/thumb/v6-m/nofp]
    add: [/user/HS401/ks02179/com1031/arm-toolchain/bin/../lib/gcc/arm-none-eabi/12.3.1/../../../../arm-none-eabi/include/c++/12.3.1/backward]
    add: [/user/HS401/ks02179/com1031/arm-toolchain/bin/../lib/gcc/arm-none-eabi/12.3.1/include]
    add: [/user/HS401/ks02179/com1031/arm-toolchain/bin/../lib/gcc/arm-none-eabi/12.3.1/include-fixed]
    add: [/user/HS401/ks02179/com1031/arm-toolchain/bin/../lib/gcc/arm-none-eabi/12.3.1/../../../../arm-none-eabi/include]
  end of search list found
  collapse include dir [/user/HS401/ks02179/com1031/arm-toolchain/bin/../lib/gcc/arm-none-eabi/12.3.1/../../../../arm-none-eabi/include/c++/12.3.1] ==> [/user/HS401/ks02179/com1031/arm-toolchain/arm-none-eabi/include/c++/12.3.1]
  collapse include dir [/user/HS401/ks02179/com1031/arm-toolchain/bin/../lib/gcc/arm-none-eabi/12.3.1/../../../../arm-none-eabi/include/c++/12.3.1/arm-none-eabi/thumb/v6-m/nofp] ==> [/user/HS401/ks02179/com1031/arm-toolchain/arm-none-eabi/include/c++/12.3.1/arm-none-eabi/thumb/v6-m/nofp]
  collapse include dir [/user/HS401/ks02179/com1031/arm-toolchain/bin/../lib/gcc/arm-none-eabi/12.3.1/../../../../arm-none-eabi/include/c++/12.3.1/backward] ==> [/user/HS401/ks02179/com1031/arm-toolchain/arm-none-eabi/include/c++/12.3.1/backward]
  collapse include dir [/user/HS401/ks02179/com1031/arm-toolchain/bin/../lib/gcc/arm-none-eabi/12.3.1/include] ==> [/user/HS401/ks02179/com1031/arm-toolchain/lib/gcc/arm-none-eabi/12.3.1/include]
  collapse include dir [/user/HS401/ks02179/com1031/arm-toolchain/bin/../lib/gcc/arm-none-eabi/12.3.1/include-fixed] ==> [/user/HS401/ks02179/com1031/arm-toolchain/lib/gcc/arm-none-eabi/12.3.1/include-fixed]
  collapse include dir [/user/HS401/ks02179/com1031/arm-toolchain/bin/../lib/gcc/arm-none-eabi/12.3.1/../../../../arm-none-eabi/include] ==> [/user/HS401/ks02179/com1031/arm-toolchain/arm-none-eabi/include]
  implicit include dirs: [/user/HS401/ks02179/com1031/arm-toolchain/arm-none-eabi/include/c++/12.3.1;/user/HS401/ks02179/com1031/arm-toolchain/arm-none-eabi/include/c++/12.3.1/arm-none-eabi/thumb/v6-m/nofp;/user/HS401/ks02179/com1031/arm-toolchain/arm-none-eabi/include/c++/12.3.1/backward;/user/HS401/ks02179/com1031/arm-toolchain/lib/gcc/arm-none-eabi/12.3.1/include;/user/HS401/ks02179/com1031/arm-toolchain/lib/gcc/arm-none-eabi/12.3.1/include-fixed;/user/HS401/ks02179/com1031/arm-toolchain/arm-none-eabi/include]


Parsed CXX implicit link information from above output:
  link line regex: [^( *|.*[/\])(arm-none-eabi-ld|CMAKE_LINK_STARTFILE-NOTFOUND|([^/\]+-)?ld|collect2)[^/\]*( |$)]
  ignore line: [Change Dir: /user/HS401/ks02179/com1031-cw/build/CMakeFiles/CMakeTmp]
  ignore line: []
  ignore line: [Run Build Command(s):/usr/bin/gmake -f Makefile cmTC_ad629/fast && /usr/bin/gmake  -f CMakeFiles/cmTC_ad629.dir/build.make CMakeFiles/cmTC_ad629.dir/build]
  ignore line: [gmake[1]: Entering directory '/user/HS401/ks02179/com1031-cw/build/CMakeFiles/CMakeTmp']
  ignore line: [Building CXX object CMakeFiles/cmTC_ad629.dir/CMakeCXXCompilerABI.cpp.obj]
  ignore line: [/user/HS401/ks02179/com1031/arm-toolchain/bin/arm-none-eabi-g++   -mcpu=cortex-m0plus -mthumb    -v -o CMakeFiles/cmTC_ad629.dir/CMakeCXXCompilerABI.cpp.obj -c /usr/share/cmake-3.22/Modules/CMakeCXXCompilerABI.cpp]
  ignore line: [Using built-in specs.]
  ignore line: [COLLECT_GCC=/user/HS401/ks02179/com1031/arm-toolchain/bin/arm-none-eabi-g++]
  ignore line: [Target: arm-none-eabi]
  ignore line: [Configured with: /data/jenkins/workspace/GNU-toolchain/arm-12/src/gcc/configure --target=arm-none-eabi --prefix=/data/jenkins/workspace/GNU-toolchain/arm-12/build-arm-none-eabi/install --with-gmp=/data/jenkins/workspace/GNU-toolchain/arm-12/build-arm-none-eabi/host-tools --with-mpfr=/data/jenkins/workspace/GNU-toolchain/arm-12/build-arm-none-eabi/host-tools --with-mpc=/data/jenkins/workspace/GNU-toolchain/arm-12/build-arm-none-eabi/host-tools --with-isl=/data/jenkins/workspace/GNU-toolchain/arm-12/build-arm-none-eabi/host-tools --disable-shared --disable-nls --disable-threads --disable-tls --enable-checking=release --enable-languages=c,c++,fortran --with-newlib --with-gnu-as --with-gnu-ld --with-sysroot=/data/jenkins/workspace/GNU-toolchain/arm-12/build-arm-none-eabi/install/arm-none-eabi --with-multilib-list=aprofile,rmprofile --with-pkgversion='Arm GNU Toolchain 12.3.Rel1 (Build arm-12.35)' --with-bugurl=https://bugs.linaro.org/]
  ignore line: [Thread model: single]
  ignore line: [Supported LTO compression algorithms: zlib]
  ignore line: [gcc version 12.3.1 20230626 (Arm GNU Toolchain 12.3.Rel1 (Build arm-12.35)) ]
  ignore line: [COLLECT_GCC_OPTIONS='-mcpu=cortex-m0plus' '-mthumb' '-v' '-o' 'CMakeFiles/cmTC_ad629.dir/CMakeCXXCompilerABI.cpp.obj' '-c' '-mfloat-abi=soft' '-mlibarch=armv6s-m' '-march=armv6s-m' '-dumpdir' 'CMakeFiles/cmTC_ad629.dir/']
  ignore line: [ /user/HS401/ks02179/com1031/arm-toolchain/bin/../libexec/gcc/arm-none-eabi/12.3.1/cc1plus -quiet -v -imultilib thumb/v6-m/nofp -iprefix /user/HS401/ks02179/com1031/arm-toolchain/bin/../lib/gcc/arm-none-eabi/12.3.1/ -isysroot /user/HS401/ks02179/com1031/arm-toolchain/bin/../arm-none-eabi -D__USES_INITFINI__ /usr/share/cmake-3.22/Modules/CMakeCXXCompilerABI.cpp -quiet -dumpdir CMakeFiles/cmTC_ad629.dir/ -dumpbase CMakeCXXCompilerABI.cpp.cpp -dumpbase-ext .cpp -mcpu=cortex-m0plus -mthumb -mfloat-abi=soft -mlibarch=armv6s-m -march=armv6s-m -version -o /tmp/ccvkq7Vp.s]
  ignore line: [GNU C++17 (Arm GNU Toolchain 12.3.Rel1 (Build arm-12.35)) version 12.3.1 20230626 (arm-none-eabi)]
  ignore line: [	compiled by GNU C version 4.8.5 20150623 (Red Hat 4.8.5-44)  GMP version 6.2.1  MPFR version 3.1.6  MPC version 1.0.3  isl version isl-0.15-1-g835ea3a-GMP]
  ignore line: []
  ignore line: [GGC heuristics: --param ggc-min-expand=100 --param ggc-min-heapsize=131072]
  ignore line: [ignoring duplicate directory "/user/HS401/ks02179/com1031/arm-toolchain/bin/../lib/gcc/../../lib/gcc/arm-none-eabi/12.3.1/../../../../arm-none-eabi/include/c++/12.3.1"]
  ignore line: [ignoring duplicate directory "/user/HS401/ks02179/com1031/arm-toolchain/bin/../lib/gcc/../../lib/gcc/arm-none-eabi/12.3.1/../../../../arm-none-eabi/include/c++/12.3.1/arm-none-eabi/thumb/v6-m/nofp"]
  ignore line: [ignoring duplicate directory "/user/HS401/ks02179/com1031/arm-toolchain/bin/../lib/gcc/../../lib/gcc/arm-none-eabi/12.3.1/../../../../arm-none-eabi/include/c++/12.3.1/backward"]
  ignore line: [ignoring duplicate directory "/user/HS401/ks02179/com1031/arm-toolchain/bin/../lib/gcc/../../lib/gcc/arm-none-eabi/12.3.1/include"]
  ignore line: [ignoring nonexistent directory "/user/HS401/ks02179/com1031/arm-toolchain/bin/../arm-none-eabi/usr/local/include"]
  ignore line: [ignoring duplicate directory "/user/HS401/ks02179/com1031/arm-toolchain/bin/../lib/gcc/../../lib/gcc/arm-none-eabi/12.3.1/include-fixed"]
  ignore line: [ignoring duplicate directory "/user/HS401/ks02179/com1031/arm-toolchain/bin/../lib/gcc/../../lib/gcc/arm-none-eabi/12.3.1/../../../../arm-none-eabi/include"]
  ignore line: [ignoring nonexistent directory "/user/HS401/ks02179/com1031/arm-toolchain/bin/../arm-none-eabi/usr/include"]
  ignore line: [#include "..." search starts here:]
  ignore line: [#include <...> search starts here:]
  ignore line: [ /user/HS401/ks02179/com1031/arm-toolchain/bin/../lib/gcc/arm-none-eabi/12.3.1/../../../../arm-none-eabi/include/c++/12.3.1]
  ignore line: [ /user/HS401/ks02179/com1031/arm-toolchain/bin/../lib/gcc/arm-none-eabi/12.3.1/../../../../arm-none-eabi/include/c++/12.3.1/arm-none-eabi/thumb/v6-m/nofp]
  ignore line: [ /user/HS401/ks02179/com1031/arm-toolchain/bin/../lib/gcc/arm-none-eabi/12.3.1/../../../../arm-none-eabi/include/c++/12.3.1/backward]
  ignore line: [ /user/HS401/ks02179/com1031/arm-toolchain/bin/../lib/gcc/arm-none-eabi/12.3.1/include]
  ignore line: [ /user/HS401/ks02179/com1031/arm-toolchain/bin/../lib/gcc/arm-none-eabi/12.3.1/include-fixed]
  ignore line: [ /user/HS401/ks02179/com1031/arm-toolchain/bin/../lib/gcc/arm-none-eabi/12.3.1/../../../../arm-none-eabi/include]
  ignore line: [End of search list.]
  ignore line: [GNU C++17 (Arm GNU Toolchain 12.3.Rel1 (Build arm-12.35)) version 12.3.1 20230626 (arm-none-eabi)]
  ignore line: [	compiled by GNU C version 4.8.5 20150623 (Red Hat 4.8.5-44)  GMP version 6.2.1  MPFR version 3.1.6  MPC version 1.0.3  isl version isl-0.15-1-g835ea3a-GMP]
  ignore line: []
  ignore line: [GGC heuristics: --param ggc-min-expand=100 --param ggc-min-heapsize=131072]
  ignore line: [Compiler executable checksum: f4effcca7e7be5b700cb3eb6c8c498de]
  ignore line: [COLLECT_GCC_OPTIONS='-mcpu=cortex-m0plus' '-mthumb' '-v' '-o' 'CMakeFiles/cmTC_ad629.dir/CMakeCXXCompilerABI.cpp.obj' '-c' '-mfloat-abi=soft' '-mlibarch=armv6s-m' '-march=armv6s-m' '-dumpdir' 'CMakeFiles/cmTC_ad629.dir/']
  ignore line: [ /user/HS401/ks02179/com1031/arm-toolchain/bin/../lib/gcc/arm-none-eabi/12.3.1/../../../../arm-none-eabi/bin/as -v -march=armv6s-m -mfloat-abi=soft -meabi=5 -o CMakeFiles/cmTC_ad629.dir/CMakeCXXCompilerABI.cpp.obj /tmp/ccvkq7Vp.s]
  ignore line: [GNU assembler version 2.40.0 (arm-none-eabi) using BFD version (Arm GNU Toolchain 12.3.Rel1 (Build arm-12.35)) 2.40.0.20230627]
  ignore line: [COMPILER_PATH=/user/HS401/ks02179/com1031/arm-toolchain/bin/../libexec/gcc/arm-none-eabi/12.3.1/:/user/HS401/ks02179/com1031/arm-toolchain/bin/../libexec/gcc/:/user/HS401/ks02179/com1031/arm-toolchain/bin/../lib/gcc/arm-none-eabi/12.3.1/../../../../arm-none-eabi/bin/]
  ignore line: [LIBRARY_PATH=/user/HS401/ks02179/com1031/arm-toolchain/bin/../lib/gcc/arm-none-eabi/12.3.1/thumb/v6-m/nofp/:/user/HS401/ks02179/com1031/arm-toolchain/bin/../lib/gcc/arm-none-eabi/12.3.1/../../../../arm-none-eabi/lib/thumb/v6-m/nofp/:/user/HS401/ks02179/com1031/arm-toolchain/bin/../arm-none-eabi/lib/thumb/v6-m/nofp/:/user/HS401/ks02179/com1031/arm-toolchain/bin/../lib/gcc/arm-none-eabi/12.3.1/:/user/HS401/ks02179/com1031/arm-toolchain/bin/../lib/gcc/:/user/HS401/ks02179/com1031/arm-toolchain/bin/../lib/gcc/arm-none-eabi/12.3.1/../../../../arm-none-eabi/lib/:/user/HS401/ks02179/com1031/arm-toolchain/bin/../arm-none-eabi/lib/]
  ignore line: [COLLECT_GCC_OPTIONS='-mcpu=cortex-m0plus' '-mthumb' '-v' '-o' 'CMakeFiles/cmTC_ad629.dir/CMakeCXXCompilerABI.cpp.obj' '-c' '-mfloat-abi=soft' '-mlibarch=armv6s-m' '-march=armv6s-m' '-dumpdir' 'CMakeFiles/cmTC_ad629.dir/CMakeCXXCompilerABI.cpp.']
  ignore line: [Linking CXX executable cmTC_ad629.elf]
  ignore line: [/usr/bin/cmake -E cmake_link_script CMakeFiles/cmTC_ad629.dir/link.txt --verbose=1]
  ignore line: [/user/HS401/ks02179/com1031/arm-toolchain/bin/arm-none-eabi-g++ -mcpu=cortex-m0plus -mthumb  -Wl --build-id=none -nostdlib  -v CMakeFiles/cmTC_ad629.dir/CMakeCXXCompilerABI.cpp.obj -o cmTC_ad629.elf ]
  ignore line: [Using built-in specs.]
  ignore line: [COLLECT_GCC=/user/HS401/ks02179/com1031/arm-toolchain/bin/arm-none-eabi-g++]
  ignore line: [COLLECT_LTO_WRAPPER=/user/HS401/ks02179/com1031/arm-toolchain/bin/../libexec/gcc/arm-none-eabi/12.3.1/lto-wrapper]
  ignore line: [Target: arm-none-eabi]
  ignore line: [Configured with: /data/jenkins/workspace/GNU-toolchain/arm-12/src/gcc/configure --target=arm-none-eabi --prefix=/data/jenkins/workspace/GNU-toolchain/arm-12/build-arm-none-eabi/install --with-gmp=/data/jenkins/workspace/GNU-toolchain/arm-12/build-arm-none-eabi/host-tools --with-mpfr=/data/jenkins/workspace/GNU-toolchain/arm-12/build-arm-none-eabi/host-tools --with-mpc=/data/jenkins/workspace/GNU-toolchain/arm-12/build-arm-none-eabi/host-tools --with-isl=/data/jenkins/workspace/GNU-toolchain/arm-12/build-arm-none-eabi/host-tools --disable-shared --disable-nls --disable-threads --disable-tls --enable-checking=release --enable-languages=c,c++,fortran --with-newlib --with-gnu-as --with-gnu-ld --with-sysroot=/data/jenkins/workspace/GNU-toolchain/arm-12/build-arm-none-eabi/install/arm-none-eabi --with-multilib-list=aprofile,rmprofile --with-pkgversion='Arm GNU Toolchain 12.3.Rel1 (Build arm-12.35)' --with-bugurl=https://bugs.linaro.org/]
  ignore line: [Thread model: single]
  ignore line: [Supported LTO compression algorithms: zlib]
  ignore line: [gcc version 12.3.1 20230626 (Arm GNU Toolchain 12.3.Rel1 (Build arm-12.35)) ]
  ignore line: [COMPILER_PATH=/user/HS401/ks02179/com1031/arm-toolchain/bin/../libexec/gcc/arm-none-eabi/12.3.1/:/user/HS401/ks02179/com1031/arm-toolchain/bin/../libexec/gcc/:/user/HS401/ks02179/com1031/arm-toolchain/bin/../lib/gcc/arm-none-eabi/12.3.1/../../../../arm-none-eabi/bin/]
  ignore line: [LIBRARY_PATH=/user/HS401/ks02179/com1031/arm-toolchain/bin/../lib/gcc/arm-none-eabi/12.3.1/thumb/v6-m/nofp/:/user/HS401/ks02179/com1031/arm-toolchain/bin/../lib/gcc/arm-none-eabi/12.3.1/../../../../arm-none-eabi/lib/thumb/v6-m/nofp/:/user/HS401/ks02179/com1031/arm-toolchain/bin/../arm-none-eabi/lib/thumb/v6-m/nofp/:/user/HS401/ks02179/com1031/arm-toolchain/bin/../lib/gcc/arm-none-eabi/12.3.1/:/user/HS401/ks02179/com1031/arm-toolchain/bin/../lib/gcc/:/user/HS401/ks02179/com1031/arm-toolchain/bin/../lib/gcc/arm-none-eabi/12.3.1/../../../../arm-none-eabi/lib/:/user/HS401/ks02179/com1031/arm-toolchain/bin/../arm-none-eabi/lib/]
  ignore line: [COLLECT_GCC_OPTIONS='-mcpu=cortex-m0plus' '-mthumb' '-nostdlib' '-v' '-o' 'cmTC_ad629.elf' '-mfloat-abi=soft' '-mlibarch=armv6s-m' '-march=armv6s-m' '-dumpdir' 'cmTC_ad629.elf.']
  link line: [ /user/HS401/ks02179/com1031/arm-toolchain/bin/../libexec/gcc/arm-none-eabi/12.3.1/collect2 -plugin /user/HS401/ks02179/com1031/arm-toolchain/bin/../libexec/gcc/arm-none-eabi/12.3.1/liblto_plugin.so -plugin-opt=/user/HS401/ks02179/com1031/arm-toolchain/bin/../libexec/gcc/arm-none-eabi/12.3.1/lto-wrapper -plugin-opt=-fresolution=/tmp/ccra8fbV.res --sysroot=/user/HS401/ks02179/com1031/arm-toolchain/bin/../arm-none-eabi -X -o cmTC_ad629.elf -L/user/HS401/ks02179/com1031/arm-toolchain/bin/../lib/gcc/arm-none-eabi/12.3.1/thumb/v6-m/nofp -L/user/HS401/ks02179/com1031/arm-toolchain/bin/../lib/gcc/arm-none-eabi/12.3.1/../../../../arm-none-eabi/lib/thumb/v6-m/nofp -L/user/HS401/ks02179/com1031/arm-toolchain/bin/../arm-none-eabi/lib/thumb/v6-m/nofp -L/user/HS401/ks02179/com1031/arm-toolchain/bin/../lib/gcc/arm-none-eabi/12.3.1 -L/user/HS401/ks02179/com1031/arm-toolchain/bin/../lib/gcc -L/user/HS401/ks02179/com1031/arm-toolchain/bin/../lib/gcc/arm-none-eabi/12.3.1/../../../../arm-none-eabi/lib -L/user/HS401/ks02179/com1031/arm-toolchain/bin/../arm-none-eabi/lib --build-id=none CMakeFiles/cmTC_ad629.dir/CMakeCXXCompilerABI.cpp.obj]
    arg [/user/HS401/ks02179/com1031/arm-toolchain/bin/../libexec/gcc/arm-none-eabi/12.3.1/collect2] ==> ignore
    arg [-plugin] ==> ignore
    arg [/user/HS401/ks02179/com1031/arm-toolchain/bin/../libexec/gcc/arm-none-eabi/12.3.1/liblto_plugin.so] ==> ignore
    arg [-plugin-opt=/user/HS401/ks02179/com1031/arm-toolchain/bin/../libexec/gcc/arm-none-eabi/12.3.1/lto-wrapper] ==> ignore
    arg [-plugin-opt=-fresolution=/tmp/ccra8fbV.res] ==> ignore
    arg [--sysroot=/user/HS401/ks02179/com1031/arm-toolchain/bin/../arm-none-eabi] ==> ignore
    arg [-X] ==> ignore
    arg [-o] ==> ignore
    arg [cmTC_ad629.elf] ==> ignore
    arg [-L/user/HS401/ks02179/com1031/arm-toolchain/bin/../lib/gcc/arm-none-eabi/12.3.1/thumb/v6-m/nofp] ==> dir [/user/HS401/ks02179/com1031/arm-toolchain/bin/../lib/gcc/arm-none-eabi/12.3.1/thumb/v6-m/nofp]
    arg [-L/user/HS401/ks02179/com1031/arm-toolchain/bin/../lib/gcc/arm-none-eabi/12.3.1/../../../../arm-none-eabi/lib/thumb/v6-m/nofp] ==> dir [/user/HS401/ks02179/com1031/arm-toolchain/bin/../lib/gcc/arm-none-eabi/12.3.1/../../../../arm-none-eabi/lib/thumb/v6-m/nofp]
    arg [-L/user/HS401/ks02179/com1031/arm-toolchain/bin/../arm-none-eabi/lib/thumb/v6-m/nofp] ==> dir [/user/HS401/ks02179/com1031/arm-toolchain/bin/../arm-none-eabi/lib/thumb/v6-m/nofp]
    arg [-L/user/HS401/ks02179/com1031/arm-toolchain/bin/../lib/gcc/arm-none-eabi/12.3.1] ==> dir [/user/HS401/ks02179/com1031/arm-toolchain/bin/../lib/gcc/arm-none-eabi/12.3.1]
    arg [-L/user/HS401/ks02179/com1031/arm-toolchain/bin/../lib/gcc] ==> dir [/user/HS401/ks02179/com1031/arm-toolchain/bin/../lib/gcc]
    arg [-L/user/HS401/ks02179/com1031/arm-toolchain/bin/../lib/gcc/arm-none-eabi/12.3.1/../../../../arm-none-eabi/lib] ==> dir [/user/HS401/ks02179/com1031/arm-toolchain/bin/../lib/gcc/arm-none-eabi/12.3.1/../../../../arm-none-eabi/lib]
    arg [-L/user/HS401/ks02179/com1031/arm-toolchain/bin/../arm-none-eabi/lib] ==> dir [/user/HS401/ks02179/com1031/arm-toolchain/bin/../arm-none-eabi/lib]
    arg [--build-id=none] ==> ignore
    arg [CMakeFiles/cmTC_ad629.dir/CMakeCXXCompilerABI.cpp.obj] ==> ignore
  collapse library dir [/user/HS401/ks02179/com1031/arm-toolchain/bin/../lib/gcc/arm-none-eabi/12.3.1/thumb/v6-m/nofp] ==> [/user/HS401/ks02179/com1031/arm-toolchain/lib/gcc/arm-none-eabi/12.3.1/thumb/v6-m/nofp]
  collapse library dir [/user/HS401/ks02179/com1031/arm-toolchain/bin/../lib/gcc/arm-none-eabi/12.3.1/../../../../arm-none-eabi/lib/thumb/v6-m/nofp] ==> [/user/HS401/ks02179/com1031/arm-toolchain/arm-none-eabi/lib/thumb/v6-m/nofp]
  collapse library dir [/user/HS401/ks02179/com1031/arm-toolchain/bin/../arm-none-eabi/lib/thumb/v6-m/nofp] ==> [/user/HS401/ks02179/com1031/arm-toolchain/arm-none-eabi/lib/thumb/v6-m/nofp]
  collapse library dir [/user/HS401/ks02179/com1031/arm-toolchain/bin/../lib/gcc/arm-none-eabi/12.3.1] ==> [/user/HS401/ks02179/com1031/arm-toolchain/lib/gcc/arm-none-eabi/12.3.1]
  collapse library dir [/user/HS401/ks02179/com1031/arm-toolchain/bin/../lib/gcc] ==> [/user/HS401/ks02179/com1031/arm-toolchain/lib/gcc]
  collapse library dir [/user/HS401/ks02179/com1031/arm-toolchain/bin/../lib/gcc/arm-none-eabi/12.3.1/../../../../arm-none-eabi/lib] ==> [/user/HS401/ks02179/com1031/arm-toolchain/arm-none-eabi/lib]
  collapse library dir [/user/HS401/ks02179/com1031/arm-toolchain/bin/../arm-none-eabi/lib] ==> [/user/HS401/ks02179/com1031/arm-toolchain/arm-none-eabi/lib]
  implicit libs: []
  implicit objs: []
  implicit dirs: [/user/HS401/ks02179/com1031/arm-toolchain/lib/gcc/arm-none-eabi/12.3.1/thumb/v6-m/nofp;/user/HS401/ks02179/com1031/arm-toolchain/arm-none-eabi/lib/thumb/v6-m/nofp;/user/HS401/ks02179/com1031/arm-toolchain/lib/gcc/arm-none-eabi/12.3.1;/user/HS401/ks02179/com1031/arm-toolchain/lib/gcc;/user/HS401/ks02179/com1031/arm-toolchain/arm-none-eabi/lib]
  implicit fwks: []


